Log file open, 02/15/19 12:19:54
LogWindows: Failed to load 'aqProf.dll' (GetLastError=126)
LogWindows: File 'aqProf.dll' does not exist
LogWindows: Failed to load 'VtuneApi.dll' (GetLastError=126)
LogWindows: File 'VtuneApi.dll' does not exist
LogWindows: Failed to load 'VtuneApi32e.dll' (GetLastError=126)
LogWindows: File 'VtuneApi32e.dll' does not exist
LogConsoleResponse: Display: Failed to find resolution value strings in scalability ini. Falling back to default.
LogInit: Display: Running engine for game: TPOSE
LogPakFile: Registered encryption key '00000000000000000000000000000000': 0 pak files mounted, 0 remain pending
LogPlatformFile: Not using cached read wrapper
LogTaskGraph: Started task graph with 5 named threads and 14 total threads with 3 sets of task threads.
LogStats: Stats thread started at 0.214476
LogD3D11RHI: Loaded GFSDK_Aftermath_Lib.x64.dll
LogICUInternationalization: ICU TimeZone Detection - Raw Offset: -8:00, Platform Override: ''
LogPluginManager: Mounting plugin Paper2D
LogPluginManager: Mounting plugin AISupport
LogPluginManager: Mounting plugin LightPropagationVolume
LogPluginManager: Mounting plugin ActorLayerUtilities
LogPluginManager: Mounting plugin CLionSourceCodeAccess
LogPluginManager: Mounting plugin CodeLiteSourceCodeAccess
LogPluginManager: Mounting plugin GitSourceControl
LogPluginManager: Mounting plugin KDevelopSourceCodeAccess
LogPluginManager: Mounting plugin NullSourceCodeAccess
LogPluginManager: Mounting plugin PerforceSourceControl
LogPluginManager: Mounting plugin SubversionSourceControl
LogPluginManager: Mounting plugin UObjectPlugin
LogPluginManager: Mounting plugin VisualStudioCodeSourceCodeAccess
LogPluginManager: Mounting plugin VisualStudioSourceCodeAccess
LogPluginManager: Mounting plugin XCodeSourceCodeAccess
LogPluginManager: Mounting plugin AssetManagerEditor
LogPluginManager: Mounting plugin CryptoKeys
LogPluginManager: Mounting plugin DataValidation
LogPluginManager: Mounting plugin FacialAnimation
LogPluginManager: Mounting plugin GameplayTagsEditor
LogPluginManager: Mounting plugin MacGraphicsSwitching
LogPluginManager: Mounting plugin MeshEditor
LogPluginManager: Mounting plugin MobileLauncherProfileWizard
LogPluginManager: Mounting plugin PluginBrowser
LogPluginManager: Mounting plugin SpeedTreeImporter
LogPluginManager: Mounting plugin DatasmithContent
LogPluginManager: Mounting plugin VariantManagerContent
LogPluginManager: Mounting plugin AlembicImporter
LogPluginManager: Mounting plugin AppleImageUtils
LogPluginManager: Mounting plugin AppleVision
LogPluginManager: Mounting plugin BackChannel
LogPluginManager: Mounting plugin CharacterAI
LogPluginManager: Mounting plugin GeometryCache
LogPluginManager: Mounting plugin HTML5Networking
LogPluginManager: Mounting plugin ProxyLODPlugin
LogPluginManager: Mounting plugin MagicLeap
LogPluginManager: Mounting plugin MagicLeapMedia
LogPluginManager: Mounting plugin AndroidMedia
LogPluginManager: Mounting plugin AvfMedia
LogPluginManager: Mounting plugin ImgMedia
LogPluginManager: Mounting plugin LinearTimecode
LogPluginManager: Mounting plugin MediaCompositing
LogPluginManager: Mounting plugin MediaPlayerEditor
LogPluginManager: Mounting plugin WebMMedia
LogPluginManager: Mounting plugin WmfMedia
LogPluginManager: Mounting plugin TcpMessaging
LogPluginManager: Mounting plugin UdpMessaging
LogPluginManager: Mounting plugin ActorSequence
LogPluginManager: Mounting plugin LevelSequenceEditor
LogPluginManager: Mounting plugin MatineeToLevelSequence
LogPluginManager: Mounting plugin NetcodeUnitTest
LogPluginManager: Mounting plugin NUTUnrealEngine4
LogPluginManager: Mounting plugin OnlineSubsystemGooglePlay
LogPluginManager: Mounting plugin OnlineSubsystemIOS
LogPluginManager: Mounting plugin OnlineSubsystem
LogPluginManager: Mounting plugin OnlineSubsystemNull
LogPluginManager: Mounting plugin OnlineSubsystemUtils
LogPluginManager: Mounting plugin LauncherChunkInstaller
LogPluginManager: Mounting plugin AndroidDeviceProfileSelector
LogPluginManager: Mounting plugin AndroidMoviePlayer
LogPluginManager: Mounting plugin AndroidPermission
LogPluginManager: Mounting plugin AppleMoviePlayer
LogPluginManager: Mounting plugin ArchVisCharacter
LogPluginManager: Mounting plugin AudioCapture
LogPluginManager: Mounting plugin CableComponent
LogPluginManager: Mounting plugin CustomMeshComponent
LogPluginManager: Mounting plugin EditableMesh
LogPluginManager: Mounting plugin ExampleDeviceProfileSelector
LogPluginManager: Mounting plugin Firebase
LogPluginManager: Mounting plugin GoogleCloudMessaging
LogPluginManager: Mounting plugin IOSDeviceProfileSelector
LogPluginManager: Mounting plugin LinuxDeviceProfileSelector
LogPluginManager: Mounting plugin LocationServicesBPLibrary
LogPluginManager: Mounting plugin MobilePatchingUtils
LogPluginManager: Mounting plugin OculusVR
LogPluginManager: Mounting plugin PhysXVehicles
LogPluginManager: Mounting plugin ProceduralMeshComponent
LogPluginManager: Mounting plugin RuntimePhysXCooking
LogPluginManager: Mounting plugin SteamVR
LogPluginManager: Mounting plugin WebMMoviePlayer
LogPluginManager: Mounting plugin WindowsMoviePlayer
LogStreaming: Display: Took  0.166s to configure plugins.
LogInit: Using libcurl 7.55.1-DEV
LogInit:  - built for x86_64-pc-win32
LogInit:  - supports SSL with OpenSSL/1.0.2h
LogInit:  - supports HTTP deflate (compression) using libz 1.2.8
LogInit:  - other features:
LogInit:      CURL_VERSION_SSL
LogInit:      CURL_VERSION_LIBZ
LogInit:      CURL_VERSION_IPV6
LogInit:      CURL_VERSION_ASYNCHDNS
LogInit:      CURL_VERSION_LARGEFILE
LogInit:      CURL_VERSION_IDN
LogInit:  CurlRequestOptions (configurable via config and command line):
LogInit:  - bVerifyPeer = true  - Libcurl will verify peer certificate
LogInit:  - bUseHttpProxy = false  - Libcurl will NOT use HTTP proxy
LogInit:  - bDontReuseConnections = false  - Libcurl will reuse connections
LogInit:  - MaxHostConnections = 16  - Libcurl will limit the number of connections to a host
LogInit:  - LocalHostAddr = Default
LogInit:  - BufferSize = 65536
LogInit: WinSock: version 1.1 (2.2), MaxSocks=32767, MaxUdp=65467
LogInit: Build: ++UE4+Release-4.21-CL-4613538
LogInit: Engine Version: 4.21.1-4613538+++UE4+Release-4.21
LogInit: Compatible Engine Version: 4.21.0-4541578+++UE4+Release-4.21
LogInit: Net CL: 4541578
LogInit: OS: Windows 10 (), CPU: Intel(R) Core(TM) i5-4460  CPU @ 3.20GHz, GPU: NVIDIA GeForce GTX 1050 Ti
LogInit: Compiled (64-bit): Nov 30 2018 04:13:25
LogInit: Compiled with Visual C++: 19.13.26129.00
LogInit: Build Configuration: Development
LogInit: Branch Name: ++UE4+Release-4.21
LogInit: Command Line: 
LogInit: Base Directory: C:/Users/david/Desktop/Hell/UE_4.21/Engine/Binaries/Win64/
LogInit: Installed Engine Build: 1
LogDevObjectVersion: Number of dev versions registered: 22
LogDevObjectVersion:   Dev-Blueprints (B0D832E4-1F89-4F0D-ACCF-7EB736FD4AA2): 10
LogDevObjectVersion:   Dev-Build (E1C64328-A22C-4D53-A36C-8E866417BD8C): 0
LogDevObjectVersion:   Dev-Core (375EC13C-06E4-48FB-B500-84F0262A717E): 2
LogDevObjectVersion:   Dev-Editor (E4B068ED-F494-42E9-A231-DA0B2E46BB41): 26
LogDevObjectVersion:   Dev-Framework (CFFC743F-43B0-4480-9391-14DF171D2073): 34
LogDevObjectVersion:   Dev-Mobile (B02B49B5-BB20-44E9-A304-32B752E40360): 2
LogDevObjectVersion:   Dev-Networking (A4E4105C-59A1-49B5-A7C5-40C4547EDFEE): 0
LogDevObjectVersion:   Dev-Online (39C831C9-5AE6-47DC-9A44-9C173E1C8E7C): 0
LogDevObjectVersion:   Dev-Physics (78F01B33-EBEA-4F98-B9B4-84EACCB95AA2): 0
LogDevObjectVersion:   Dev-Platform (6631380F-2D4D-43E0-8009-CF276956A95A): 0
LogDevObjectVersion:   Dev-Rendering (12F88B9F-8875-4AFC-A67C-D90C383ABD29): 27
LogDevObjectVersion:   Dev-Sequencer (7B5AE74C-D270-4C10-A958-57980B212A5A): 9
LogDevObjectVersion:   Dev-VR (D7296918-1DD6-4BDD-9DE2-64A83CC13884): 2
LogDevObjectVersion:   Dev-LoadTimes (C2A15278-BFE7-4AFE-6C17-90FF531DF755): 1
LogDevObjectVersion:   Private-Geometry (6EACA3D4-40EC-4CC1-B786-8BED09428FC5): 3
LogDevObjectVersion:   Dev-AnimPhys (29E575DD-E0A3-4627-9D10-D276232CDCEA): 17
LogDevObjectVersion:   Dev-Anim (AF43A65D-7FD3-4947-9873-3E8ED9C1BB05): 2
LogDevObjectVersion:   Dev-ReflectionCapture (6B266CEC-1EC7-4B8F-A30B-E4D90942FC07): 1
LogDevObjectVersion:   Dev-Automation (0DF73D61-A23F-47EA-B727-89E90C41499A): 1
LogDevObjectVersion:   FortniteMain (601D1886-AC64-4F84-AA16-D3DE0DEAC7D6): 17
LogDevObjectVersion:   Dev-Enterprise (9DFFBCD6-494F-0158-E221-12823C92A888): 4
LogDevObjectVersion:   Dev-Niagara (F2AED0AC-9AFE-416F-8664-AA7FFA26D6FC): 1
LogStreaming: Display: Took  0.001s to delete old logs.
LogInit: Presizing for max 8388607 objects, including 0 objects not considered by GC, pre-allocating 0 bytes for permanent pool.
LogInit: Object subsystem initialized
LogConfig: Setting CVar [[con.DebugEarlyDefault:1]]
LogConfig: Setting CVar [[r.setres:1280x720]]
[2019.02.15-20.19.54:847][  0]LogConfig: Setting CVar [[r.VSync:0]]
[2019.02.15-20.19.54:847][  0]LogConfig: Setting CVar [[r.RHICmdBypass:0]]
[2019.02.15-20.19.54:847][  0]LogConfig: Applying CVar settings from Section [/Script/Engine.RendererSettings] File [C:/Users/david/Desktop/129/TPOSE 4.21/Saved/Config/Windows/Engine.ini]
[2019.02.15-20.19.54:847][  0]LogConfig: Setting CVar [[r.GPUCrashDebugging:0]]
[2019.02.15-20.19.54:847][  0]LogConfig: Applying CVar settings from Section [/Script/Engine.RendererOverrideSettings] File [C:/Users/david/Desktop/129/TPOSE 4.21/Saved/Config/Windows/Engine.ini]
[2019.02.15-20.19.54:847][  0]LogConfig: Applying CVar settings from Section [/Script/Engine.StreamingSettings] File [C:/Users/david/Desktop/129/TPOSE 4.21/Saved/Config/Windows/Engine.ini]
[2019.02.15-20.19.54:847][  0]LogConfig: Setting CVar [[s.MinBulkDataSizeForAsyncLoading:131072]]
[2019.02.15-20.19.54:847][  0]LogConfig: Setting CVar [[s.AsyncLoadingThreadEnabled:0]]
[2019.02.15-20.19.54:847][  0]LogConfig: Setting CVar [[s.EventDrivenLoaderEnabled:1]]
[2019.02.15-20.19.54:847][  0]LogConfig: Setting CVar [[s.WarnIfTimeLimitExceeded:0]]
[2019.02.15-20.19.54:847][  0]LogConfig: Setting CVar [[s.TimeLimitExceededMultiplier:1.5]]
[2019.02.15-20.19.54:847][  0]LogConfig: Setting CVar [[s.TimeLimitExceededMinTime:0.005]]
[2019.02.15-20.19.54:847][  0]LogConfig: Setting CVar [[s.UseBackgroundLevelStreaming:1]]
[2019.02.15-20.19.54:847][  0]LogConfig: Setting CVar [[s.PriorityAsyncLoadingExtraTime:15.0]]
[2019.02.15-20.19.54:847][  0]LogConfig: Setting CVar [[s.LevelStreamingActorsUpdateTimeLimit:5.0]]
[2019.02.15-20.19.54:847][  0]LogConfig: Setting CVar [[s.PriorityLevelStreamingActorsUpdateExtraTime:5.0]]
[2019.02.15-20.19.54:847][  0]LogConfig: Setting CVar [[s.LevelStreamingComponentsRegistrationGranularity:10]]
[2019.02.15-20.19.54:847][  0]LogConfig: Setting CVar [[s.UnregisterComponentsTimeLimit:1.0]]
[2019.02.15-20.19.54:847][  0]LogConfig: Setting CVar [[s.LevelStreamingComponentsUnregistrationGranularity:5]]
[2019.02.15-20.19.54:848][  0]LogConfig: Applying CVar settings from Section [/Script/Engine.GarbageCollectionSettings] File [C:/Users/david/Desktop/129/TPOSE 4.21/Saved/Config/Windows/Engine.ini]
[2019.02.15-20.19.54:848][  0]LogConfig: Setting CVar [[gc.MaxObjectsNotConsideredByGC:1]]
[2019.02.15-20.19.54:848][  0]LogConfig: Setting CVar [[gc.SizeOfPermanentObjectPool:0]]
[2019.02.15-20.19.54:848][  0]LogConfig: Setting CVar [[gc.FlushStreamingOnGC:0]]
[2019.02.15-20.19.54:848][  0]LogConfig: Setting CVar [[gc.NumRetriesBeforeForcingGC:10]]
[2019.02.15-20.19.54:848][  0]LogConfig: Setting CVar [[gc.AllowParallelGC:1]]
[2019.02.15-20.19.54:848][  0]LogConfig: Setting CVar [[gc.TimeBetweenPurgingPendingKillObjects:61.1]]
[2019.02.15-20.19.54:848][  0]LogConfig: Setting CVar [[gc.MaxObjectsInEditor:8388607]]
[2019.02.15-20.19.54:848][  0]LogConfig: Setting CVar [[gc.IncrementalBeginDestroyEnabled:1]]
[2019.02.15-20.19.54:848][  0]LogConfig: Setting CVar [[gc.CreateGCClusters:1]]
[2019.02.15-20.19.54:848][  0]LogConfig: Setting CVar [[gc.MergeGCClusters:0]]
[2019.02.15-20.19.54:848][  0]LogConfig: Setting CVar [[gc.MinGCClusterSize:5]]
[2019.02.15-20.19.54:848][  0]LogConfig: Setting CVar [[gc.ActorClusteringEnabled:0]]
[2019.02.15-20.19.54:848][  0]LogConfig: Setting CVar [[gc.BlueprintClusteringEnabled:0]]
[2019.02.15-20.19.54:848][  0]LogConfig: Setting CVar [[gc.UseDisregardForGCOnDedicatedServers:0]]
[2019.02.15-20.19.54:848][  0]LogConfig: Applying CVar settings from Section [/Script/Engine.NetworkSettings] File [C:/Users/david/Desktop/129/TPOSE 4.21/Saved/Config/Windows/Engine.ini]
[2019.02.15-20.19.54:848][  0]LogConfig: Applying CVar settings from Section [/Script/UnrealEd.CookerSettings] File [C:/Users/david/Desktop/129/TPOSE 4.21/Saved/Config/Windows/Engine.ini]
[2019.02.15-20.19.54:853][  0]LogConfig: Applying CVar settings from Section [ViewDistanceQuality@3] File [C:/Users/david/Desktop/129/TPOSE 4.21/Saved/Config/Windows/Scalability.ini]
[2019.02.15-20.19.54:853][  0]LogConfig: Setting CVar [[r.SkeletalMeshLODBias:0]]
[2019.02.15-20.19.54:853][  0]LogConfig: Setting CVar [[r.ViewDistanceScale:1.0]]
[2019.02.15-20.19.54:853][  0]LogConfig: Applying CVar settings from Section [AntiAliasingQuality@3] File [C:/Users/david/Desktop/129/TPOSE 4.21/Saved/Config/Windows/Scalability.ini]
[2019.02.15-20.19.54:854][  0]LogConfig: Setting CVar [[r.PostProcessAAQuality:4]]
[2019.02.15-20.19.54:854][  0]LogConfig: Applying CVar settings from Section [ShadowQuality@3] File [C:/Users/david/Desktop/129/TPOSE 4.21/Saved/Config/Windows/Scalability.ini]
[2019.02.15-20.19.54:854][  0]LogConfig: Setting CVar [[r.LightFunctionQuality:1]]
[2019.02.15-20.19.54:854][  0]LogConfig: Setting CVar [[r.ShadowQuality:5]]
[2019.02.15-20.19.54:854][  0]LogConfig: Setting CVar [[r.Shadow.CSM.MaxCascades:10]]
[2019.02.15-20.19.54:854][  0]LogConfig: Setting CVar [[r.Shadow.MaxResolution:2048]]
[2019.02.15-20.19.54:854][  0]LogConfig: Setting CVar [[r.Shadow.MaxCSMResolution:2048]]
[2019.02.15-20.19.54:854][  0]LogConfig: Setting CVar [[r.Shadow.RadiusThreshold:0.01]]
[2019.02.15-20.19.54:854][  0]LogConfig: Setting CVar [[r.Shadow.DistanceScale:1.0]]
[2019.02.15-20.19.54:854][  0]LogConfig: Setting CVar [[r.Shadow.CSM.TransitionScale:1.0]]
[2019.02.15-20.19.54:854][  0]LogConfig: Setting CVar [[r.Shadow.PreShadowResolutionFactor:1.0]]
[2019.02.15-20.19.54:854][  0]LogConfig: Setting CVar [[r.DistanceFieldShadowing:1]]
[2019.02.15-20.19.54:854][  0]LogConfig: Setting CVar [[r.DistanceFieldAO:1]]
[2019.02.15-20.19.54:854][  0]LogConfig: Setting CVar [[r.AOQuality:2]]
[2019.02.15-20.19.54:854][  0]LogConfig: Setting CVar [[r.VolumetricFog:1]]
[2019.02.15-20.19.54:854][  0]LogConfig: Setting CVar [[r.VolumetricFog.GridPixelSize:8]]
[2019.02.15-20.19.54:854][  0]LogConfig: Setting CVar [[r.VolumetricFog.GridSizeZ:128]]
[2019.02.15-20.19.54:854][  0]LogConfig: Setting CVar [[r.VolumetricFog.HistoryMissSupersampleCount:4]]
[2019.02.15-20.19.54:854][  0]LogConfig: Setting CVar [[r.LightMaxDrawDistanceScale:1]]
[2019.02.15-20.19.54:854][  0]LogConfig: Setting CVar [[r.CapsuleShadows:1]]
[2019.02.15-20.19.54:854][  0]LogConfig: Applying CVar settings from Section [PostProcessQuality@3] File [C:/Users/david/Desktop/129/TPOSE 4.21/Saved/Config/Windows/Scalability.ini]
[2019.02.15-20.19.54:854][  0]LogConfig: Setting CVar [[r.MotionBlurQuality:4]]
[2019.02.15-20.19.54:854][  0]LogConfig: Setting CVar [[r.AmbientOcclusionMipLevelFactor:0.4]]
[2019.02.15-20.19.54:854][  0]LogConfig: Setting CVar [[r.AmbientOcclusionMaxQuality:100]]
[2019.02.15-20.19.54:854][  0]LogConfig: Setting CVar [[r.AmbientOcclusionLevels:-1]]
[2019.02.15-20.19.54:854][  0]LogConfig: Setting CVar [[r.AmbientOcclusionRadiusScale:1.0]]
[2019.02.15-20.19.54:854][  0]LogConfig: Setting CVar [[r.DepthOfFieldQuality:2]]
[2019.02.15-20.19.54:854][  0]LogConfig: Setting CVar [[r.RenderTargetPoolMin:400]]
[2019.02.15-20.19.54:854][  0]LogConfig: Setting CVar [[r.LensFlareQuality:2]]
[2019.02.15-20.19.54:854][  0]LogConfig: Setting CVar [[r.SceneColorFringeQuality:1]]
[2019.02.15-20.19.54:854][  0]LogConfig: Setting CVar [[r.EyeAdaptationQuality:2]]
[2019.02.15-20.19.54:854][  0]LogConfig: Setting CVar [[r.BloomQuality:5]]
[2019.02.15-20.19.54:854][  0]LogConfig: Setting CVar [[r.FastBlurThreshold:100]]
[2019.02.15-20.19.54:854][  0]LogConfig: Setting CVar [[r.Upscale.Quality:3]]
[2019.02.15-20.19.54:854][  0]LogConfig: Setting CVar [[r.Tonemapper.GrainQuantization:1]]
[2019.02.15-20.19.54:854][  0]LogConfig: Setting CVar [[r.LightShaftQuality:1]]
[2019.02.15-20.19.54:854][  0]LogConfig: Setting CVar [[r.Filter.SizeScale:1]]
[2019.02.15-20.19.54:854][  0]LogConfig: Setting CVar [[r.Tonemapper.Quality:5]]
[2019.02.15-20.19.54:854][  0]LogConfig: Setting CVar [[r.DOF.Gather.AccumulatorQuality:1        ; higher gathering accumulator quality]]
[2019.02.15-20.19.54:854][  0]LogConfig: Setting CVar [[r.DOF.Gather.PostfilterMethod:1          ; Median3x3 postfilering method]]
[2019.02.15-20.19.54:854][  0]LogConfig: Setting CVar [[r.DOF.Gather.EnableBokehSettings:0       ; no bokeh simulation when gathering]]
[2019.02.15-20.19.54:854][  0]LogConfig: Setting CVar [[r.DOF.Gather.RingCount:4                 ; medium number of samples when gathering]]
[2019.02.15-20.19.54:854][  0]LogConfig: Setting CVar [[r.DOF.Scatter.ForegroundCompositing:1    ; additive foreground scattering]]
[2019.02.15-20.19.54:854][  0]LogConfig: Setting CVar [[r.DOF.Scatter.BackgroundCompositing:2    ; additive background scattering]]
[2019.02.15-20.19.54:854][  0]LogConfig: Setting CVar [[r.DOF.Scatter.EnableBokehSettings:1      ; bokeh simulation when scattering]]
[2019.02.15-20.19.54:854][  0]LogConfig: Setting CVar [[r.DOF.Scatter.MaxSpriteRatio:0.1         ; only a maximum of 10% of scattered bokeh]]
[2019.02.15-20.19.54:854][  0]LogConfig: Setting CVar [[r.DOF.Recombine.Quality:1                ; cheap slight out of focus]]
[2019.02.15-20.19.54:854][  0]LogConfig: Setting CVar [[r.DOF.Recombine.EnableBokehSettings:0    ; no bokeh simulation on slight out of focus]]
[2019.02.15-20.19.54:854][  0]LogConfig: Setting CVar [[r.DOF.TemporalAAQuality:1                ; more stable temporal accumulation]]
[2019.02.15-20.19.54:854][  0]LogConfig: Setting CVar [[r.DOF.Kernel.MaxForegroundRadius:0.025]]
[2019.02.15-20.19.54:854][  0]LogConfig: Setting CVar [[r.DOF.Kernel.MaxBackgroundRadius:0.025]]
[2019.02.15-20.19.54:854][  0]LogConfig: Applying CVar settings from Section [TextureQuality@3] File [C:/Users/david/Desktop/129/TPOSE 4.21/Saved/Config/Windows/Scalability.ini]
[2019.02.15-20.19.54:854][  0]LogConfig: Setting CVar [[r.Streaming.MipBias:0]]
[2019.02.15-20.19.54:854][  0]LogConfig: Setting CVar [[r.Streaming.AmortizeCPUToGPUCopy:0]]
[2019.02.15-20.19.54:854][  0]LogConfig: Setting CVar [[r.Streaming.MaxNumTexturesToStreamPerFrame:0]]
[2019.02.15-20.19.54:854][  0]LogConfig: Setting CVar [[r.Streaming.Boost:1]]
[2019.02.15-20.19.54:854][  0]LogConfig: Setting CVar [[r.MaxAnisotropy:8]]
[2019.02.15-20.19.54:854][  0]LogConfig: Setting CVar [[r.Streaming.LimitPoolSizeToVRAM:0]]
[2019.02.15-20.19.54:854][  0]LogConfig: Setting CVar [[r.Streaming.PoolSize:1000]]
[2019.02.15-20.19.54:854][  0]LogConfig: Setting CVar [[r.Streaming.MaxEffectiveScreenSize:0]]
[2019.02.15-20.19.54:854][  0]LogConfig: Applying CVar settings from Section [EffectsQuality@3] File [C:/Users/david/Desktop/129/TPOSE 4.21/Saved/Config/Windows/Scalability.ini]
[2019.02.15-20.19.54:854][  0]LogConfig: Setting CVar [[r.TranslucencyLightingVolumeDim:64]]
[2019.02.15-20.19.54:854][  0]LogConfig: Setting CVar [[r.RefractionQuality:2]]
[2019.02.15-20.19.54:854][  0]LogConfig: Setting CVar [[r.SSR.Quality:3]]
[2019.02.15-20.19.54:854][  0]LogConfig: Setting CVar [[r.SceneColorFormat:4]]
[2019.02.15-20.19.54:854][  0]LogConfig: Setting CVar [[r.DetailMode:2]]
[2019.02.15-20.19.54:854][  0]LogConfig: Setting CVar [[r.TranslucencyVolumeBlur:1]]
[2019.02.15-20.19.54:854][  0]LogConfig: Setting CVar [[r.MaterialQualityLevel:1 ; High quality]]
[2019.02.15-20.19.54:854][  0]LogConfig: Setting CVar [[r.SSS.Scale:1]]
[2019.02.15-20.19.54:854][  0]LogConfig: Setting CVar [[r.SSS.SampleSet:2]]
[2019.02.15-20.19.54:854][  0]LogConfig: Setting CVar [[r.SSS.Quality:1]]
[2019.02.15-20.19.54:854][  0]LogConfig: Setting CVar [[r.SSS.HalfRes:1]]
[2019.02.15-20.19.54:854][  0]LogConfig: Setting CVar [[r.EmitterSpawnRateScale:1.0]]
[2019.02.15-20.19.54:854][  0]LogConfig: Setting CVar [[r.ParticleLightQuality:2]]
[2019.02.15-20.19.54:854][  0]LogConfig: Applying CVar settings from Section [FoliageQuality@3] File [C:/Users/david/Desktop/129/TPOSE 4.21/Saved/Config/Windows/Scalability.ini]
[2019.02.15-20.19.54:854][  0]LogConfig: Setting CVar [[foliage.DensityScale:1.0]]
[2019.02.15-20.19.54:854][  0]LogConfig: Setting CVar [[grass.DensityScale:1.0]]
[2019.02.15-20.19.54:855][  0]LogInit: Selected Device Profile: [Windows]
[2019.02.15-20.19.54:855][  0]LogInit: Applying CVar settings loaded from the selected device profile: [Windows]
[2019.02.15-20.19.54:902][  0]LogHAL: Display: Platform has ~ 12 GB [12833755136 / 17179869184 / 12], which maps to Larger [LargestMinGB=32, LargerMinGB=12, DefaultMinGB=8, SmallerMinGB=6, SmallestMinGB=0)
[2019.02.15-20.19.54:902][  0]LogConfig: Setting CVar [[r.Vulkan.UseRealUBs:1]]
[2019.02.15-20.19.54:902][  0]LogInit: Going up to parent DeviceProfile []
[2019.02.15-20.19.54:902][  0]LogConfig: Applying CVar settings from Section [ViewDistanceQuality@2] File [C:/Users/david/Desktop/129/TPOSE 4.21/Saved/Config/Windows/Scalability.ini]
[2019.02.15-20.19.54:902][  0]LogConfig: Setting CVar [[r.SkeletalMeshLODBias:0]]
[2019.02.15-20.19.54:902][  0]LogConfig: Setting CVar [[r.ViewDistanceScale:0.8]]
[2019.02.15-20.19.54:902][  0]LogConfig: Applying CVar settings from Section [AntiAliasingQuality@2] File [C:/Users/david/Desktop/129/TPOSE 4.21/Saved/Config/Windows/Scalability.ini]
[2019.02.15-20.19.54:902][  0]LogConfig: Setting CVar [[r.PostProcessAAQuality:3]]
[2019.02.15-20.19.54:902][  0]LogConfig: Applying CVar settings from Section [ShadowQuality@2] File [C:/Users/david/Desktop/129/TPOSE 4.21/Saved/Config/Windows/Scalability.ini]
[2019.02.15-20.19.54:902][  0]LogConfig: Setting CVar [[r.LightFunctionQuality:1]]
[2019.02.15-20.19.54:902][  0]LogConfig: Setting CVar [[r.ShadowQuality:5]]
[2019.02.15-20.19.54:902][  0]LogConfig: Setting CVar [[r.Shadow.CSM.MaxCascades:4]]
[2019.02.15-20.19.54:902][  0]LogConfig: Setting CVar [[r.Shadow.MaxResolution:1024]]
[2019.02.15-20.19.54:902][  0]LogConfig: Setting CVar [[r.Shadow.MaxCSMResolution:2048]]
[2019.02.15-20.19.54:902][  0]LogConfig: Setting CVar [[r.Shadow.RadiusThreshold:0.04]]
[2019.02.15-20.19.54:902][  0]LogConfig: Setting CVar [[r.Shadow.DistanceScale:0.85]]
[2019.02.15-20.19.54:902][  0]LogConfig: Setting CVar [[r.Shadow.CSM.TransitionScale:0.8]]
[2019.02.15-20.19.54:902][  0]LogConfig: Setting CVar [[r.Shadow.PreShadowResolutionFactor:0.5]]
[2019.02.15-20.19.54:902][  0]LogConfig: Setting CVar [[r.DistanceFieldShadowing:1]]
[2019.02.15-20.19.54:902][  0]LogConfig: Setting CVar [[r.DistanceFieldAO:1]]
[2019.02.15-20.19.54:902][  0]LogConfig: Setting CVar [[r.AOQuality:1]]
[2019.02.15-20.19.54:902][  0]LogConfig: Setting CVar [[r.VolumetricFog:1]]
[2019.02.15-20.19.54:902][  0]LogConfig: Setting CVar [[r.VolumetricFog.GridPixelSize:16]]
[2019.02.15-20.19.54:902][  0]LogConfig: Setting CVar [[r.VolumetricFog.GridSizeZ:64]]
[2019.02.15-20.19.54:902][  0]LogConfig: Setting CVar [[r.VolumetricFog.HistoryMissSupersampleCount:4]]
[2019.02.15-20.19.54:902][  0]LogConfig: Setting CVar [[r.LightMaxDrawDistanceScale:1]]
[2019.02.15-20.19.54:902][  0]LogConfig: Setting CVar [[r.CapsuleShadows:1]]
[2019.02.15-20.19.54:902][  0]LogConfig: Applying CVar settings from Section [PostProcessQuality@2] File [C:/Users/david/Desktop/129/TPOSE 4.21/Saved/Config/Windows/Scalability.ini]
[2019.02.15-20.19.54:902][  0]LogConfig: Setting CVar [[r.MotionBlurQuality:3]]
[2019.02.15-20.19.54:902][  0]LogConfig: Setting CVar [[r.AmbientOcclusionMipLevelFactor:0.6]]
[2019.02.15-20.19.54:902][  0]LogConfig: Setting CVar [[r.AmbientOcclusionMaxQuality:100]]
[2019.02.15-20.19.54:902][  0]LogConfig: Setting CVar [[r.AmbientOcclusionLevels:-1]]
[2019.02.15-20.19.54:902][  0]LogConfig: Setting CVar [[r.AmbientOcclusionRadiusScale:1.5]]
[2019.02.15-20.19.54:902][  0]LogConfig: Setting CVar [[r.DepthOfFieldQuality:2]]
[2019.02.15-20.19.54:902][  0]LogConfig: Setting CVar [[r.RenderTargetPoolMin:400]]
[2019.02.15-20.19.54:902][  0]LogConfig: Setting CVar [[r.LensFlareQuality:2]]
[2019.02.15-20.19.54:902][  0]LogConfig: Setting CVar [[r.SceneColorFringeQuality:1]]
[2019.02.15-20.19.54:902][  0]LogConfig: Setting CVar [[r.EyeAdaptationQuality:2]]
[2019.02.15-20.19.54:902][  0]LogConfig: Setting CVar [[r.BloomQuality:5]]
[2019.02.15-20.19.54:902][  0]LogConfig: Setting CVar [[r.FastBlurThreshold:3]]
[2019.02.15-20.19.54:902][  0]LogConfig: Setting CVar [[r.Upscale.Quality:2]]
[2019.02.15-20.19.54:902][  0]LogConfig: Setting CVar [[r.Tonemapper.GrainQuantization:1]]
[2019.02.15-20.19.54:902][  0]LogConfig: Setting CVar [[r.LightShaftQuality:1]]
[2019.02.15-20.19.54:902][  0]LogConfig: Setting CVar [[r.Filter.SizeScale:0.8]]
[2019.02.15-20.19.54:902][  0]LogConfig: Setting CVar [[r.Tonemapper.Quality:5]]
[2019.02.15-20.19.54:902][  0]LogConfig: Setting CVar [[r.DOF.Gather.AccumulatorQuality:0        ; lower gathering accumulator quality]]
[2019.02.15-20.19.54:902][  0]LogConfig: Setting CVar [[r.DOF.Gather.PostfilterMethod:2          ; Max3x3 postfilering method]]
[2019.02.15-20.19.54:902][  0]LogConfig: Setting CVar [[r.DOF.Gather.EnableBokehSettings:0       ; no bokeh simulation when gathering]]
[2019.02.15-20.19.54:902][  0]LogConfig: Setting CVar [[r.DOF.Gather.RingCount:4                 ; medium number of samples when gathering]]
[2019.02.15-20.19.54:902][  0]LogConfig: Setting CVar [[r.DOF.Scatter.ForegroundCompositing:1    ; additive foreground scattering]]
[2019.02.15-20.19.54:902][  0]LogConfig: Setting CVar [[r.DOF.Scatter.BackgroundCompositing:1    ; no background occlusion]]
[2019.02.15-20.19.54:902][  0]LogConfig: Setting CVar [[r.DOF.Scatter.EnableBokehSettings:0      ; no bokeh simulation when scattering]]
[2019.02.15-20.19.54:903][  0]LogConfig: Setting CVar [[r.DOF.Scatter.MaxSpriteRatio:0.04        ; only a maximum of 4% of scattered bokeh]]
[2019.02.15-20.19.54:903][  0]LogConfig: Setting CVar [[r.DOF.Recombine.Quality:0                ; no slight out of focus]]
[2019.02.15-20.19.54:903][  0]LogConfig: Setting CVar [[r.DOF.TemporalAAQuality:0                ; faster temporal accumulation]]
[2019.02.15-20.19.54:903][  0]LogConfig: Setting CVar [[r.DOF.Kernel.MaxForegroundRadius:0.012   ; required because of AccumulatorQuality=0]]
[2019.02.15-20.19.54:903][  0]LogConfig: Setting CVar [[r.DOF.Kernel.MaxBackgroundRadius:0.012   ; required because of AccumulatorQuality=0]]
[2019.02.15-20.19.54:903][  0]LogConfig: Applying CVar settings from Section [TextureQuality@2] File [C:/Users/david/Desktop/129/TPOSE 4.21/Saved/Config/Windows/Scalability.ini]
[2019.02.15-20.19.54:903][  0]LogConfig: Setting CVar [[r.Streaming.MipBias:0]]
[2019.02.15-20.19.54:903][  0]LogConfig: Setting CVar [[r.Streaming.AmortizeCPUToGPUCopy:0]]
[2019.02.15-20.19.54:903][  0]LogConfig: Setting CVar [[r.Streaming.MaxNumTexturesToStreamPerFrame:0]]
[2019.02.15-20.19.54:903][  0]LogConfig: Setting CVar [[r.Streaming.Boost:1]]
[2019.02.15-20.19.54:903][  0]LogConfig: Setting CVar [[r.MaxAnisotropy:4]]
[2019.02.15-20.19.54:903][  0]LogConfig: Setting CVar [[r.Streaming.LimitPoolSizeToVRAM:1]]
[2019.02.15-20.19.54:903][  0]LogConfig: Setting CVar [[r.Streaming.PoolSize:800]]
[2019.02.15-20.19.54:903][  0]LogConfig: Setting CVar [[r.Streaming.MaxEffectiveScreenSize:0]]
[2019.02.15-20.19.54:903][  0]LogConfig: Applying CVar settings from Section [EffectsQuality@2] File [C:/Users/david/Desktop/129/TPOSE 4.21/Saved/Config/Windows/Scalability.ini]
[2019.02.15-20.19.54:903][  0]LogConfig: Setting CVar [[r.TranslucencyLightingVolumeDim:48]]
[2019.02.15-20.19.54:903][  0]LogConfig: Setting CVar [[r.RefractionQuality:2]]
[2019.02.15-20.19.54:903][  0]LogConfig: Setting CVar [[r.SSR.Quality:2]]
[2019.02.15-20.19.54:903][  0]LogConfig: Setting CVar [[r.SceneColorFormat:3]]
[2019.02.15-20.19.54:903][  0]LogConfig: Setting CVar [[r.DetailMode:1]]
[2019.02.15-20.19.54:903][  0]LogConfig: Setting CVar [[r.TranslucencyVolumeBlur:1]]
[2019.02.15-20.19.54:903][  0]LogConfig: Setting CVar [[r.MaterialQualityLevel:1 ; High quality]]
[2019.02.15-20.19.54:903][  0]LogConfig: Setting CVar [[r.SSS.Scale:1]]
[2019.02.15-20.19.54:903][  0]LogConfig: Setting CVar [[r.SSS.SampleSet:1]]
[2019.02.15-20.19.54:903][  0]LogConfig: Setting CVar [[r.SSS.Quality:-1]]
[2019.02.15-20.19.54:903][  0]LogConfig: Setting CVar [[r.SSS.HalfRes:1]]
[2019.02.15-20.19.54:903][  0]LogConfig: Setting CVar [[r.EmitterSpawnRateScale:0.5]]
[2019.02.15-20.19.54:903][  0]LogConfig: Setting CVar [[r.ParticleLightQuality:1]]
[2019.02.15-20.19.54:903][  0]LogConfig: Applying CVar settings from Section [FoliageQuality@2] File [C:/Users/david/Desktop/129/TPOSE 4.21/Saved/Config/Windows/Scalability.ini]
[2019.02.15-20.19.54:903][  0]LogConfig: Setting CVar [[foliage.DensityScale:0.8]]
[2019.02.15-20.19.54:903][  0]LogConfig: Setting CVar [[grass.DensityScale:0.8]]
[2019.02.15-20.19.54:903][  0]LogConfig: Applying CVar settings from Section [Startup] File [../../../Engine/Config/ConsoleVariables.ini]
[2019.02.15-20.19.54:903][  0]LogConfig: Setting CVar [[net.UseAdaptiveNetUpdateFrequency:0]]
[2019.02.15-20.19.54:903][  0]LogConfig: Applying CVar settings from Section [ConsoleVariables] File [C:/Users/david/Desktop/129/TPOSE 4.21/Saved/Config/Windows/Engine.ini]
[2019.02.15-20.19.54:903][  0]LogInit: Computer: BIGGOLDENBOI
[2019.02.15-20.19.54:903][  0]LogInit: User: david
[2019.02.15-20.19.54:903][  0]LogInit: CPU Page size=4096, Cores=4
[2019.02.15-20.19.54:903][  0]LogInit: High frequency timer resolution =3.117794 MHz
[2019.02.15-20.19.54:904][  0]LogMemory: Memory total: Physical=12.0GB (12GB approx)
[2019.02.15-20.19.54:904][  0]LogMemory: Platform Memory Stats for Windows
[2019.02.15-20.19.54:904][  0]LogMemory: Process Physical Memory: 102.26 MB used, 102.26 MB peak
[2019.02.15-20.19.54:904][  0]LogMemory: Process Virtual Memory: 84.88 MB used, 84.88 MB peak
[2019.02.15-20.19.54:904][  0]LogMemory: Physical Memory: 5744.63 MB used,  6494.59 MB free, 12239.22 MB total
[2019.02.15-20.19.54:904][  0]LogMemory: Virtual Memory: 4633.88 MB used,  134213096.00 MB free, 134217728.00 MB total
[2019.02.15-20.19.55:970][  0]LogInit: Using OS detected language (en-US).
[2019.02.15-20.19.55:970][  0]LogInit: Using OS detected locale (en-US).
[2019.02.15-20.19.55:971][  0]LogTextLocalizationManager: No specific localization for 'en-US' exists, so the 'en' localization will be used.
[2019.02.15-20.19.56:916][  0]LogStreaming: Display: Took  0.947s to InitEngineTextLocalization.
[2019.02.15-20.19.56:916][  0]LogInit: Setting process to per monitor DPI aware
[2019.02.15-20.19.57:036][  0]LogSlate: New Slate User Created.  User Index 0, Is Virtual User: 0
[2019.02.15-20.19.57:036][  0]LogSlate: Slate User Registered.  User Index 0, Is Virtual User: 0
[2019.02.15-20.20.00:833][  0]LogHMD: Failed to initialize OpenVR with code 110
[2019.02.15-20.20.00:833][  0]LogD3D11RHI: D3D11 adapters:
[2019.02.15-20.20.00:895][  0]LogD3D11RHI:    0. 'NVIDIA GeForce GTX 1050 Ti' (Feature Level 11_0)
[2019.02.15-20.20.00:895][  0]LogD3D11RHI:       4018/0/6119 MB DedicatedVideo/DedicatedSystem/SharedSystem, Outputs:2, VendorId:0x10de
[2019.02.15-20.20.00:897][  0]LogD3D11RHI:    1. 'Microsoft Basic Render Driver' (Feature Level 11_0)
[2019.02.15-20.20.00:897][  0]LogD3D11RHI:       0/0/6119 MB DedicatedVideo/DedicatedSystem/SharedSystem, Outputs:0, VendorId:0x1414
[2019.02.15-20.20.00:897][  0]LogD3D11RHI: Chosen D3D11 Adapter: 0
[2019.02.15-20.20.00:902][  0]LogD3D11RHI: Creating new Direct3DDevice
[2019.02.15-20.20.00:902][  0]LogD3D11RHI:     GPU DeviceId: 0x1c82 (for the marketing name, search the web for "GPU Device Id")
[2019.02.15-20.20.00:902][  0]LogWindows: EnumDisplayDevices:
[2019.02.15-20.20.00:903][  0]LogWindows:    0. 'NVIDIA GeForce GTX 1050 Ti' (P:1 D:1)
[2019.02.15-20.20.00:903][  0]LogWindows:    1. 'NVIDIA GeForce GTX 1050 Ti' (P:0 D:1)
[2019.02.15-20.20.00:903][  0]LogWindows:    2. 'NVIDIA GeForce GTX 1050 Ti' (P:0 D:0)
[2019.02.15-20.20.00:903][  0]LogWindows:    3. 'NVIDIA GeForce GTX 1050 Ti' (P:0 D:0)
[2019.02.15-20.20.00:903][  0]LogWindows: DebugString: FoundDriverCount:4 
[2019.02.15-20.20.00:903][  0]LogD3D11RHI:     Adapter Name: NVIDIA GeForce GTX 1050 Ti
[2019.02.15-20.20.00:903][  0]LogD3D11RHI:   Driver Version: 411.63 (internal:24.21.14.1163, unified:411.63)
[2019.02.15-20.20.00:903][  0]LogD3D11RHI:      Driver Date: 9-18-2018
[2019.02.15-20.20.00:903][  0]LogRHI: Texture pool is 2812 MB (70% of 4018 MB)
[2019.02.15-20.20.00:942][  0]LogD3D11RHI: Async texture creation enabled
[2019.02.15-20.20.01:007][  0]LogD3D11RHI: GPU Timing Frequency: 1000.000000 (Debug: 2 2)
[2019.02.15-20.20.01:511][  0]LogTemp: Display: Loaded TP AllDesktopTargetPlatform
[2019.02.15-20.20.01:525][  0]LogTemp: Display: Loaded TP MacClientTargetPlatform
[2019.02.15-20.20.01:538][  0]LogTemp: Display: Loaded TP MacNoEditorTargetPlatform
[2019.02.15-20.20.01:552][  0]LogTemp: Display: Loaded TP MacServerTargetPlatform
[2019.02.15-20.20.01:569][  0]LogTemp: Display: Loaded TP MacTargetPlatform
[2019.02.15-20.20.01:583][  0]LogTemp: Display: Loaded TP WindowsClientTargetPlatform
[2019.02.15-20.20.01:596][  0]LogTemp: Display: Loaded TP WindowsNoEditorTargetPlatform
[2019.02.15-20.20.01:610][  0]LogTemp: Display: Loaded TP WindowsServerTargetPlatform
[2019.02.15-20.20.01:616][  0]LogTemp: Display: Loaded TP WindowsTargetPlatform
[2019.02.15-20.20.01:700][  0]LogTemp: Display: Loaded TP AndroidTargetPlatform
[2019.02.15-20.20.01:700][  0]LogTemp: Display: Loaded TP AndroidTargetPlatform
[2019.02.15-20.20.01:700][  0]LogTemp: Display: Loaded TP AndroidTargetPlatform
[2019.02.15-20.20.01:700][  0]LogTemp: Display: Loaded TP AndroidTargetPlatform
[2019.02.15-20.20.01:700][  0]LogTemp: Display: Loaded TP AndroidTargetPlatform
[2019.02.15-20.20.01:700][  0]LogTemp: Display: Loaded TP AndroidTargetPlatform
[2019.02.15-20.20.01:700][  0]LogTemp: Display: Loaded TP AndroidTargetPlatform
[2019.02.15-20.20.01:700][  0]LogTemp: Display: Loaded TP AndroidTargetPlatform
[2019.02.15-20.20.01:700][  0]LogTemp: Display: Loaded TP AndroidTargetPlatform
[2019.02.15-20.20.01:700][  0]LogTemp: Display: Loaded TP AndroidTargetPlatform
[2019.02.15-20.20.01:700][  0]LogTemp: Display: Loaded TP AndroidTargetPlatform
[2019.02.15-20.20.01:700][  0]LogTemp: Display: Loaded TP AndroidTargetPlatform
[2019.02.15-20.20.01:700][  0]LogTemp: Display: Loaded TP AndroidTargetPlatform
[2019.02.15-20.20.01:700][  0]LogTemp: Display: Loaded TP AndroidTargetPlatform
[2019.02.15-20.20.01:700][  0]LogTemp: Display: Loaded TP AndroidTargetPlatform
[2019.02.15-20.20.01:700][  0]LogTemp: Display: Loaded TP AndroidTargetPlatform
[2019.02.15-20.20.01:700][  0]LogTemp: Display: Loaded TP AndroidTargetPlatform
[2019.02.15-20.20.01:700][  0]LogTemp: Display: Loaded TP AndroidTargetPlatform
[2019.02.15-20.20.01:701][  0]LogTemp: Display: Loaded TP HTML5TargetPlatform
[2019.02.15-20.20.01:770][  0]LogTemp: Display: Loaded TP IOSTargetPlatform
[2019.02.15-20.20.01:770][  0]LogTemp: Display: Loaded TP IOSTargetPlatform
[2019.02.15-20.20.01:794][  0]LogTemp: Display: Loaded TP TVOSTargetPlatform
[2019.02.15-20.20.01:794][  0]LogTemp: Display: Loaded TP TVOSTargetPlatform
[2019.02.15-20.20.01:806][  0]LogTemp: Display: Loaded TP LinuxClientTargetPlatform
[2019.02.15-20.20.01:818][  0]LogTemp: Display: Loaded TP LinuxNoEditorTargetPlatform
[2019.02.15-20.20.01:831][  0]LogTemp: Display: Loaded TP LinuxServerTargetPlatform
[2019.02.15-20.20.01:852][  0]LogTemp: Display: Loaded TP LinuxTargetPlatform
[2019.02.15-20.20.01:902][  0]LogTemp: Display: Loaded TP LuminTargetPlatform
[2019.02.15-20.20.01:903][  0]LogTemp: Display: Loaded TP LuminTargetPlatform
[2019.02.15-20.20.01:903][  0]LogTargetPlatformManager: Display: Building Assets For Windows
[2019.02.15-20.20.02:015][  0]LogShaderCompilers: Guid format shader working directory is 17 characters bigger than the processId version (../../../../../129/TPOSE 4.21/Intermediate/Shaders/WorkingDirectory/3180/).
[2019.02.15-20.20.02:015][  0]LogShaderCompilers: Cleaned the shader compiler working directory 'C:/Users/david/AppData/Local/Temp/UnrealShaderWorkingDir/2517038848115F377B298FB07237DCAC/'.
[2019.02.15-20.20.02:017][  0]LogXGEController: Cleaning working directory: C:/Users/david/AppData/Local/Temp/UnrealXGEWorkingDir/
[2019.02.15-20.20.02:018][  0]LogXGEController: Cannot use XGE Controller as Incredibuild is not installed on this machine.
[2019.02.15-20.20.02:018][  0]LogShaderCompilers: Cannot use XGE Shader Compiler as Incredibuild is not installed on this machine.
[2019.02.15-20.20.02:018][  0]LogShaderCompilers: Display: Using Local Shader Compiler.
[2019.02.15-20.20.02:601][  0]LogDerivedDataCache: Display: Max Cache Size: 512 MB
[2019.02.15-20.20.02:659][  0]LogDerivedDataCache: Loaded boot cache 0.06s 71MB C:/Users/david/AppData/Local/UnrealEngine/4.21/DerivedDataCache/Boot.ddc.
[2019.02.15-20.20.02:659][  0]LogDerivedDataCache: Display: Loaded Boot cache: C:/Users/david/AppData/Local/UnrealEngine/4.21/DerivedDataCache/Boot.ddc
[2019.02.15-20.20.02:659][  0]LogDerivedDataCache: FDerivedDataBackendGraph:  Pak pak cache file ../../../../../129/TPOSE 4.21/DerivedDataCache/DDC.ddp not found, will not use a pak cache.
[2019.02.15-20.20.02:659][  0]LogDerivedDataCache: Unable to find inner node Pak for hierarchical cache Hierarchy.
[2019.02.15-20.20.02:660][  0]LogDerivedDataCache: FDerivedDataBackendGraph:  CompressedPak pak cache file ../../../../../129/TPOSE 4.21/DerivedDataCache/Compressed.ddp not found, will not use a pak cache.
[2019.02.15-20.20.02:660][  0]LogDerivedDataCache: Unable to find inner node CompressedPak for hierarchical cache Hierarchy.
[2019.02.15-20.20.02:869][  0]LogDerivedDataCache: Display: Pak cache opened for reading ../../../Engine/DerivedDataCache/Compressed.ddp.
[2019.02.15-20.20.02:869][  0]LogDerivedDataCache: FDerivedDataBackendGraph:  EnterprisePak pak cache file ../../../Enterprise/DerivedDataCache/Compressed.ddp not found, will not use a pak cache.
[2019.02.15-20.20.02:869][  0]LogDerivedDataCache: Unable to find inner node EnterprisePak for hierarchical cache Hierarchy.
[2019.02.15-20.20.02:881][  0]LogDerivedDataCache: Using Local data cache path C:/Users/david/AppData/Local/UnrealEngine/Common/DerivedDataCache: Writable
[2019.02.15-20.20.02:881][  0]LogDerivedDataCache: Shared data cache path not found in *engine.ini, will not use an Shared cache.
[2019.02.15-20.20.02:881][  0]LogDerivedDataCache: Unable to find inner node Shared for hierarchical cache Hierarchy.
[2019.02.15-20.20.02:907][  0]LogMaterial: Verifying Global Shaders for PCD3D_SM5
[2019.02.15-20.20.02:908][  0]LogSlate: Using FreeType 2.6.0
[2019.02.15-20.20.02:984][  0]LogSlate: SlateFontServices - WITH_FREETYPE: 1, WITH_HARFBUZZ: 1
[2019.02.15-20.20.03:206][  0]LogAssetRegistry: FAssetRegistry took 0.0329 seconds to start up
[2019.02.15-20.20.03:539][  0]LogInit: Selected Device Profile: [Windows]
[2019.02.15-20.20.03:825][  0]LogSimplygon: Simplygon DLL not present - disabling.
[2019.02.15-20.20.03:829][  0]LogMeshReduction: Using SimplygonSwarm for distributed automatic mesh merging
[2019.02.15-20.20.03:829][  0]LogMeshReduction: Using ProxyLODMeshReduction for automatic mesh merging
[2019.02.15-20.20.03:829][  0]LogMeshReduction: Using QuadricMeshReduction for automatic static mesh reduction
[2019.02.15-20.20.03:829][  0]LogMeshReduction: No automatic skeletal mesh reduction module available
[2019.02.15-20.20.03:862][  0]LogNetVersion: TPOSE 1.0.0, NetCL: 4541578, EngineNetVer: 5, GameNetVer: 0 (Checksum: 407111641)
[2019.02.15-20.20.05:071][  0]LogPackageLocalizationCache: Processed 11 localized package path(s) for 2 prioritized culture(s) in 0.114330 seconds
[2019.02.15-20.20.05:080][  0]LogUObjectArray: 39775 objects as part of root set at end of initial load.
[2019.02.15-20.20.05:080][  0]LogUObjectAllocator: 6914656 out of 0 bytes used by permanent object pool.
[2019.02.15-20.20.05:080][  0]LogUObjectArray: CloseDisregardForGC: 0/0 objects in disregard for GC pool
[2019.02.15-20.20.07:826][  0]LogTcpMessaging: Initializing TcpMessaging bridge
[2019.02.15-20.20.07:840][  0]LogUdpMessaging: Initializing bridge on interface 0.0.0.0:0 to multicast group 230.0.0.1:6666.
[2019.02.15-20.20.08:785][  0]SourceControl: Source control is disabled
[2019.02.15-20.20.08:785][  0]SourceControl: Source control is disabled
[2019.02.15-20.20.08:787][  0]SourceControl: Source control is disabled
[2019.02.15-20.20.08:787][  0]SourceControl: Source control is disabled
[2019.02.15-20.20.09:081][  0]LogAndroidPermission: UAndroidPermissionCallbackProxy::GetInstance
[2019.02.15-20.20.09:140][  0]LogOcInput: OculusInput pre-init called
[2019.02.15-20.20.09:307][  0]LogEngine: Initializing Engine...
[2019.02.15-20.20.09:308][  0]LogHMD: Failed to initialize OpenVR with code 110
[2019.02.15-20.20.09:309][  0]LogStats: UGameplayTagsManager::ConstructGameplayTagTree: ImportINI prefixes -  0.000 s
[2019.02.15-20.20.09:309][  0]LogStats: UGameplayTagsManager::ConstructGameplayTagTree: Construct from data asset -  0.000 s
[2019.02.15-20.20.09:309][  0]LogStats: UGameplayTagsManager::ConstructGameplayTagTree: ImportINI -  0.000 s
[2019.02.15-20.20.09:309][  0]LogStats: UGameplayTagsManager::ConstructGameplayTagTree: GameplayTagTreeChangedEvent.Broadcast -  0.000 s
[2019.02.15-20.20.10:045][  0]LogInit: Initializing FReadOnlyCVARCache
[2019.02.15-20.20.10:058][  0]LogAIModule: Creating AISystem for world Untitled
[2019.02.15-20.20.10:067][  0]LogInit: XAudio2 using 'Headset Earphone (HyperX 7.1 Audio)' : 2 channels at 48 kHz using 16 bits per sample (channel mask 0x3)
[2019.02.15-20.20.10:078][  0]LogInit: FAudioDevice initialized.
[2019.02.15-20.20.10:078][  0]LogNetVersion: Set ProjectVersion to 1.0.0.0. Version Checksum will be recalculated on next use.
[2019.02.15-20.20.10:317][  0]LogDerivedDataCache: Saved boot cache 0.24s 71MB C:/Users/david/AppData/Local/UnrealEngine/4.21/DerivedDataCache/Boot.ddc.
[2019.02.15-20.20.10:335][  0]LogInit: Texture streaming: Enabled
[2019.02.15-20.20.10:354][  0]LogEngineSessionManager: EngineSessionManager initialized
[2019.02.15-20.20.10:371][  0]LogInit: Transaction tracking system initialized
[2019.02.15-20.20.10:393][  0]BlueprintLog: New page: Editor Load
[2019.02.15-20.20.10:476][  0]LocalizationService: Localization service is disabled
[2019.02.15-20.20.11:264][  0]LogFileCache: Scanning file cache for directory 'C:/Users/david/Desktop/129/TPOSE 4.21/Content/' took 0.02s
[2019.02.15-20.20.11:264][  0]LogCook: Display: Max memory allowance for cook 16384mb min free memory 0mb
[2019.02.15-20.20.11:264][  0]LogCook: Display: Mobile HDR setting 1
[2019.02.15-20.20.11:264][  0]LogGameplayTags: Display: UGameplayTagsManager::DoneAddingNativeTags. DelegateIsBound: 0
[2019.02.15-20.20.11:264][  0]LogStats: UGameplayTagsManager::ConstructGameplayTagTree: ImportINI prefixes -  0.000 s
[2019.02.15-20.20.11:264][  0]LogStats: UGameplayTagsManager::ConstructGameplayTagTree: Construct from data asset -  0.000 s
[2019.02.15-20.20.11:264][  0]LogStats: UGameplayTagsManager::ConstructGameplayTagTree: ImportINI -  0.000 s
[2019.02.15-20.20.11:264][  0]LogStats: UGameplayTagsManager::ConstructGameplayTagTree: GameplayTagTreeChangedEvent.Broadcast -  0.000 s
[2019.02.15-20.20.11:461][  0]SourceControl: Source control is disabled
[2019.02.15-20.20.11:461][  0]Cmd: MAP LOAD FILE="../../../../../129/TPOSE 4.21/Content/ThirdPersonBP/Maps/ThirdPersonExampleMap.umap" TEMPLATE=0 SHOWPROGRESS=1 FEATURELEVEL=3
[2019.02.15-20.20.11:461][  0]LightingResults: New page: Lighting Build
[2019.02.15-20.20.11:464][  0]MapCheck: New page: Map Check
[2019.02.15-20.20.11:464][  0]LightingResults: New page: Lighting Build
[2019.02.15-20.20.12:683][  0]LogAIModule: Creating AISystem for world ThirdPersonExampleMap
[2019.02.15-20.20.13:333][  0]LogEditorServer: Finished looking for orphan Actors (0.000 secs)
[2019.02.15-20.20.13:362][  0]Cmd: MAP CHECKDEP NOCLEARLOG
[2019.02.15-20.20.13:363][  0]MapCheck: Map check complete: 0 Error(s), 0 Warning(s), took 0.174ms to complete.
[2019.02.15-20.20.13:363][  0]LogFileHelpers: Loading map 'ThirdPersonExampleMap' took 1.903
[2019.02.15-20.20.13:477][  0]LogSlate: Updating window title bar state: overlay mode, drag disabled, window buttons hidden, title bar hidden
[2019.02.15-20.20.13:485][  0]LogSlate: Updating window title bar state: overlay mode, drag disabled, window buttons hidden, title bar hidden
[2019.02.15-20.20.13:493][  0]LogSlate: Updating window title bar state: overlay mode, drag disabled, window buttons hidden, title bar hidden
[2019.02.15-20.20.13:501][  0]LogSlate: Updating window title bar state: overlay mode, drag disabled, window buttons hidden, title bar hidden
[2019.02.15-20.20.13:512][  0]LogCollectionManager: Loaded 0 collections in 0.001688 seconds
[2019.02.15-20.20.13:528][  0]LogFileCache: Scanning file cache for directory 'C:/Users/david/Desktop/129/TPOSE 4.21/Saved/Collections/' took 0.01s
[2019.02.15-20.20.13:528][  0]LogFileCache: Scanning file cache for directory 'C:/Users/david/Desktop/129/TPOSE 4.21/Content/Developers/david/Collections/' took 0.00s
[2019.02.15-20.20.13:528][  0]LogFileCache: Scanning file cache for directory 'C:/Users/david/Desktop/129/TPOSE 4.21/Content/Collections/' took 0.00s
[2019.02.15-20.20.13:528][  0]LogCollectionManager: Rebuilt the GUID cache for 0 collections in 0.000001 seconds
[2019.02.15-20.20.13:537][  0]LogContentBrowser: Native class hierarchy populated in 0.0087 seconds. Added 2651 classes and 620 folders.
[2019.02.15-20.20.13:545][  0]LogContentBrowser: Native class hierarchy updated for 'WidgetCarousel' in 0.0003 seconds. Added 0 classes and 0 folders.
[2019.02.15-20.20.13:552][  0]LogPakFile: Registered encryption key '00000000000000000000000000000000': 0 pak files mounted, 0 remain pending
[2019.02.15-20.20.13:560][  0]LogPakFile: Registered encryption key '00000000000000000000000000000000': 0 pak files mounted, 0 remain pending
[2019.02.15-20.20.13:585][  0]LogPakFile: Registered encryption key '00000000000000000000000000000000': 0 pak files mounted, 0 remain pending
[2019.02.15-20.20.13:589][  0]LogPakFile: Registered encryption key '00000000000000000000000000000000': 0 pak files mounted, 0 remain pending
[2019.02.15-20.20.13:594][  0]LogPakFile: Registered encryption key '00000000000000000000000000000000': 0 pak files mounted, 0 remain pending
[2019.02.15-20.20.13:675][  0]LogPakFile: Registered encryption key '00000000000000000000000000000000': 0 pak files mounted, 0 remain pending
[2019.02.15-20.20.13:680][  0]LogPakFile: Registered encryption key '00000000000000000000000000000000': 0 pak files mounted, 0 remain pending
[2019.02.15-20.20.13:912][  0]LogPakFile: Registered encryption key '00000000000000000000000000000000': 0 pak files mounted, 0 remain pending
[2019.02.15-20.20.13:925][  0]LogPakFile: Registered encryption key '00000000000000000000000000000000': 0 pak files mounted, 0 remain pending
[2019.02.15-20.20.13:965][  0]LogPakFile: Registered encryption key '00000000000000000000000000000000': 0 pak files mounted, 0 remain pending
[2019.02.15-20.20.13:973][  0]LogPakFile: Registered encryption key '00000000000000000000000000000000': 0 pak files mounted, 0 remain pending
[2019.02.15-20.20.13:980][  0]LogPakFile: Registered encryption key '00000000000000000000000000000000': 0 pak files mounted, 0 remain pending
[2019.02.15-20.20.13:987][  0]LogPakFile: Registered encryption key '00000000000000000000000000000000': 0 pak files mounted, 0 remain pending
[2019.02.15-20.20.13:993][  0]LogPakFile: Registered encryption key '00000000000000000000000000000000': 0 pak files mounted, 0 remain pending
[2019.02.15-20.20.13:998][  0]LogPakFile: Registered encryption key '00000000000000000000000000000000': 0 pak files mounted, 0 remain pending
[2019.02.15-20.20.14:003][  0]LogPakFile: Registered encryption key '00000000000000000000000000000000': 0 pak files mounted, 0 remain pending
[2019.02.15-20.20.14:040][  0]LogPakFile: Registered encryption key '00000000000000000000000000000000': 0 pak files mounted, 0 remain pending
[2019.02.15-20.20.14:045][  0]LogPakFile: Registered encryption key '00000000000000000000000000000000': 0 pak files mounted, 0 remain pending
[2019.02.15-20.20.14:051][  0]LogPakFile: Registered encryption key '00000000000000000000000000000000': 0 pak files mounted, 0 remain pending
[2019.02.15-20.20.14:056][  0]LogPakFile: Registered encryption key '00000000000000000000000000000000': 0 pak files mounted, 0 remain pending
[2019.02.15-20.20.14:103][  0]LogPakFile: Registered encryption key '00000000000000000000000000000000': 0 pak files mounted, 0 remain pending
[2019.02.15-20.20.14:108][  0]LogPakFile: Registered encryption key '00000000000000000000000000000000': 0 pak files mounted, 0 remain pending
[2019.02.15-20.20.14:114][  0]LogPakFile: Registered encryption key '00000000000000000000000000000000': 0 pak files mounted, 0 remain pending
[2019.02.15-20.20.14:119][  0]LogPakFile: Registered encryption key '00000000000000000000000000000000': 0 pak files mounted, 0 remain pending
[2019.02.15-20.20.14:124][  0]LogPakFile: Registered encryption key '00000000000000000000000000000000': 0 pak files mounted, 0 remain pending
[2019.02.15-20.20.14:129][  0]LogPakFile: Registered encryption key '00000000000000000000000000000000': 0 pak files mounted, 0 remain pending
[2019.02.15-20.20.14:253][  0]LogContentBrowser: Native class hierarchy updated for 'AddContentDialog' in 0.0003 seconds. Added 0 classes and 0 folders.
[2019.02.15-20.20.14:257][  0]LogContentBrowser: Native class hierarchy updated for 'SceneOutliner' in 0.0003 seconds. Added 1 classes and 2 folders.
[2019.02.15-20.20.14:286][  0]LogSlate: Took 0.004597 seconds to synchronously load lazily loaded font '../../../Engine/Content/Slate/Fonts/Roboto-Regular.ttf' (155K)
[2019.02.15-20.20.14:293][  0]LogSlate: Took 0.005415 seconds to synchronously load lazily loaded font '../../../Engine/Content/Slate/Fonts/Roboto-Bold.ttf' (160K)
[2019.02.15-20.20.14:303][  0]LogSlate: Took 0.004939 seconds to synchronously load lazily loaded font '../../../Engine/Content/Editor/Slate/Fonts/FontAwesome.ttf' (139K)
[2019.02.15-20.20.14:429][  0]LogRenderer: Reallocating scene render targets to support 980x600 Format 9 NumSamples 1 (Frame:1).
[2019.02.15-20.20.14:505][  0]LogSlate: Took 0.004530 seconds to synchronously load lazily loaded font '../../../Engine/Content/Slate/Fonts/Roboto-Light.ttf' (167K)
[2019.02.15-20.20.14:584][  0]LogContentBrowser: Native class hierarchy updated for 'HierarchicalLODOutliner' in 0.0003 seconds. Added 0 classes and 0 folders.
[2019.02.15-20.20.14:584][  0]LogLoad: (Engine Initialization) Total time: 24.40 seconds
[2019.02.15-20.20.14:584][  0]LogLoad: (Engine Initialization) Total Blueprint compile time: 0.00 seconds
[2019.02.15-20.20.14:666][  0]LogContentStreaming: Texture pool size now 800 MB
[2019.02.15-20.20.14:952][  2]LogAssetRegistry: Asset discovery search completed in 11.7689 seconds
[2019.02.15-20.20.14:955][  2]LogCollectionManager: Rebuilt the object cache for 0 collections in 0.000000 seconds (found 0 objects)
[2019.02.15-20.20.14:955][  2]LogCollectionManager: Fixed up redirectors for 0 collections in 0.000057 seconds (updated 0 objects)
[2019.02.15-20.20.15:673][ 24]LogSlate: Took 0.000220 seconds to synchronously load lazily loaded font '../../../Engine/Content/Slate/Fonts/Roboto-Light.ttf' (167K)
[2019.02.15-20.20.36:956][873]LogSlate: FSceneViewport::OnFocusLost() reason 0
[2019.02.15-20.20.37:063][881]LogSlate: Window 'Message Log' being destroyed
[2019.02.15-20.20.37:065][881]LogSlate: Window 'Message Log' being destroyed
[2019.02.15-20.20.49:569][289]LogSlate: FSceneViewport::OnFocusLost() reason 0
[2019.02.15-20.21.13:377][929]LogSlate: Window 'Pick Parent Class' being destroyed
[2019.02.15-20.21.26:519][371]LogAssetEditorManager: Opening Asset editor for Blueprint /Game/ThirdPersonBP/Blueprints/HUD_BP.HUD_BP
[2019.02.15-20.21.27:137][371]LogContentBrowser: Native class hierarchy updated for 'BlueprintGraph' in 0.0007 seconds. Added 117 classes and 0 folders.
[2019.02.15-20.21.30:490][449]LogSlate: Took 0.006366 seconds to synchronously load lazily loaded font '../../../Engine/Content/Slate/Fonts/Roboto-BoldCondensed.ttf' (158K)
[2019.02.15-20.22.11:395][392]LogSlate: Prevented a slow task dialog from being summoned while a context menu was open
[2019.02.15-20.22.19:807][394]LogSlate: Prevented a slow task dialog from being summoned while a context menu was open
[2019.02.15-20.22.26:143][624]LogSlate: Prevented a slow task dialog from being summoned while a context menu was open
[2019.02.15-20.23.21:073][249]LogAssetEditorManager: Opening Asset editor for WidgetBlueprint /Game/ThirdPersonBP/Blueprints/HUD_Widget_BP.HUD_Widget_BP
[2019.02.15-20.23.59:898][675]LogSlate: Took 0.006948 seconds to synchronously load lazily loaded font '../../../Engine/Content/Slate/Fonts/DroidSansFallback.ttf' (3848K)
[2019.02.15-20.25.28:113][919]BlueprintLog: New page: Compile HUD_Widget_BP
[2019.02.15-20.25.28:743][934]Cmd: OBJ SAVEPACKAGE PACKAGE="/Game/ThirdPersonBP/Blueprints/HUD_Widget_BP" FILE="../../../../../129/TPOSE 4.21/Content/ThirdPersonBP/Blueprints/HUD_Widget_BP.uasset" SILENT=true
[2019.02.15-20.25.28:759][934]LogSavePackage: Moving '../../../../../129/TPOSE 4.21/Saved/HUD_Widget_BP02D722D34BCD7BB2D13E56B1EE3457D6.tmp' to '../../../../../129/TPOSE 4.21/Content/ThirdPersonBP/Blueprints/HUD_Widget_BP.uasset'
[2019.02.15-20.25.30:813][ 11]BlueprintLog: New page: Compile HUD_BP
[2019.02.15-20.25.31:355][ 29]Cmd: OBJ SAVEPACKAGE PACKAGE="/Game/ThirdPersonBP/Blueprints/HUD_BP" FILE="../../../../../129/TPOSE 4.21/Content/ThirdPersonBP/Blueprints/HUD_BP.uasset" SILENT=true
[2019.02.15-20.25.31:369][ 29]LogSavePackage: Moving '../../../../../129/TPOSE 4.21/Saved/HUD_BP30C6459B4F14FD423860C3A0224C01BF.tmp' to '../../../../../129/TPOSE 4.21/Content/ThirdPersonBP/Blueprints/HUD_BP.uasset'
[2019.02.15-20.25.46:452][ 19]LogSlate: Prevented a slow task dialog from being summoned while a context menu was open
[2019.02.15-20.26.03:055][372]LogSlate: Took 0.005885 seconds to synchronously load lazily loaded font '../../../Engine/Content/Slate/Fonts/Roboto-Italic.ttf' (157K)
[2019.02.15-20.26.10:305][832]BlueprintLog: New page: Compile HUD_BP
[2019.02.15-20.26.10:940][850]Cmd: OBJ SAVEPACKAGE PACKAGE="/Game/ThirdPersonBP/Blueprints/HUD_BP" FILE="../../../../../129/TPOSE 4.21/Content/ThirdPersonBP/Blueprints/HUD_BP.uasset" SILENT=true
[2019.02.15-20.26.10:965][850]LogSavePackage: Moving '../../../../../129/TPOSE 4.21/Saved/HUD_BPB4C3684D4D0D6ACD4FE9CBB5FB65CF0D.tmp' to '../../../../../129/TPOSE 4.21/Content/ThirdPersonBP/Blueprints/HUD_BP.uasset'
[2019.02.15-20.26.13:234][936]LogTemp: Repeating last play command: Selected Viewport
[2019.02.15-20.26.13:261][936]LogBlueprintUserMessages: Early PlayInEditor Detection: Level '/Game/ThirdPersonBP/Maps/ThirdPersonExampleMap.ThirdPersonExampleMap:PersistentLevel' has LevelScriptBlueprint '/Game/ThirdPersonBP/Maps/ThirdPersonExampleMap.ThirdPersonExampleMap:PersistentLevel.ThirdPersonExampleMap' with GeneratedClass '/Game/ThirdPersonBP/Maps/ThirdPersonExampleMap.ThirdPersonExampleMap_C' with ClassGeneratedBy '/Game/ThirdPersonBP/Maps/ThirdPersonExampleMap.ThirdPersonExampleMap:PersistentLevel.ThirdPersonExampleMap'
[2019.02.15-20.26.13:261][936]LogPlayLevel: PlayLevel: No blueprints needed recompiling
[2019.02.15-20.26.13:262][936]PIE: New page: PIE session: ThirdPersonExampleMap (Feb 15, 2019, 4:26:13 AM)
[2019.02.15-20.26.13:274][936]LogPlayLevel: Creating play world package: /Game/ThirdPersonBP/Maps/UEDPIE_0_ThirdPersonExampleMap
[2019.02.15-20.26.13:355][936]LogPlayLevel: PIE: StaticDuplicateObject took: (0.081551s)
[2019.02.15-20.26.13:355][936]LogAIModule: Creating AISystem for world ThirdPersonExampleMap
[2019.02.15-20.26.13:355][936]LogPlayLevel: PIE: World Init took: (0.000795s)
[2019.02.15-20.26.13:356][936]LogPlayLevel: PIE: Created PIE world by copying editor world from /Game/ThirdPersonBP/Maps/ThirdPersonExampleMap.ThirdPersonExampleMap to /Game/ThirdPersonBP/Maps/UEDPIE_0_ThirdPersonExampleMap.ThirdPersonExampleMap (0.082662s)
[2019.02.15-20.26.13:434][936]LogInit: XAudio2 using 'Headset Earphone (HyperX 7.1 Audio)' : 2 channels at 48 kHz using 16 bits per sample (channel mask 0x3)
[2019.02.15-20.26.13:443][936]LogInit: FAudioDevice initialized.
[2019.02.15-20.26.13:485][936]LogLoad: Game class is 'ThirdPersonGameMode_C'
[2019.02.15-20.26.13:490][936]LogWorld: Bringing World /Game/ThirdPersonBP/Maps/UEDPIE_0_ThirdPersonExampleMap.ThirdPersonExampleMap up for play (max tick rate 0) at 2019.02.15-12.26.13
[2019.02.15-20.26.13:490][936]LogWorld: Bringing up level for play took: 0.004962
[2019.02.15-20.26.13:513][936]LogContentBrowser: Native class hierarchy updated for 'MovieSceneCapture' in 0.0004 seconds. Added 20 classes and 0 folders.
[2019.02.15-20.26.13:515][936]PIE: Play in editor start time for /Game/ThirdPersonBP/Maps/UEDPIE_0_ThirdPersonExampleMap -0.611
[2019.02.15-20.26.13:515][936]LogBlueprintUserMessages: Late PlayInEditor Detection: Level '/Game/ThirdPersonBP/Maps/ThirdPersonExampleMap.ThirdPersonExampleMap:PersistentLevel' has LevelScriptBlueprint '/Game/ThirdPersonBP/Maps/ThirdPersonExampleMap.ThirdPersonExampleMap:PersistentLevel.ThirdPersonExampleMap' with GeneratedClass '/Game/ThirdPersonBP/Maps/ThirdPersonExampleMap.ThirdPersonExampleMap_C' with ClassGeneratedBy '/Game/ThirdPersonBP/Maps/ThirdPersonExampleMap.ThirdPersonExampleMap:PersistentLevel.ThirdPersonExampleMap'
[2019.02.15-20.26.16:783][198]LogBlueprintUserMessages: [ThirdPersonCharacter_167] New Car Upgrade!
[2019.02.15-20.26.18:207][332]LogBlueprintUserMessages: Early EndPlayMap Detection: Level '/Game/ThirdPersonBP/Maps/ThirdPersonExampleMap.ThirdPersonExampleMap:PersistentLevel' has LevelScriptBlueprint '/Game/ThirdPersonBP/Maps/ThirdPersonExampleMap.ThirdPersonExampleMap:PersistentLevel.ThirdPersonExampleMap' with GeneratedClass '/Game/ThirdPersonBP/Maps/ThirdPersonExampleMap.ThirdPersonExampleMap_C' with ClassGeneratedBy '/Game/ThirdPersonBP/Maps/ThirdPersonExampleMap.ThirdPersonExampleMap:PersistentLevel.ThirdPersonExampleMap'
[2019.02.15-20.26.18:207][332]LogSlate: Updating window title bar state: overlay mode, drag disabled, window buttons hidden, title bar hidden
[2019.02.15-20.26.18:249][332]LogPlayLevel: Display: Shutting down PIE online subsystems
[2019.02.15-20.26.18:250][332]LogBlueprintUserMessages: Late EndPlayMap Detection: Level '/Game/ThirdPersonBP/Maps/ThirdPersonExampleMap.ThirdPersonExampleMap:PersistentLevel' has LevelScriptBlueprint '/Game/ThirdPersonBP/Maps/ThirdPersonExampleMap.ThirdPersonExampleMap:PersistentLevel.ThirdPersonExampleMap' with GeneratedClass '/Game/ThirdPersonBP/Maps/ThirdPersonExampleMap.ThirdPersonExampleMap_C' with ClassGeneratedBy '/Game/ThirdPersonBP/Maps/ThirdPersonExampleMap.ThirdPersonExampleMap:PersistentLevel.ThirdPersonExampleMap'
[2019.02.15-20.26.18:284][332]LogSlate: Updating window title bar state: overlay mode, drag disabled, window buttons hidden, title bar hidden
[2019.02.15-20.26.18:325][333]LogPlayLevel: Display: Destroying online subsystem :Context_12
[2019.02.15-20.26.20:842][560]LogSlate: FSceneViewport::OnFocusLost() reason 0
[2019.02.15-20.26.21:535][569]LogSavePackage: Moving '../../../../../129/TPOSE 4.21/Saved/ThirdPersonExampleMap3498458E4C6F7BB188A02F86710883CB.tmp' to '../../../../../129/TPOSE 4.21/Content/ThirdPersonBP/Maps/ThirdPersonExampleMap.umap'
[2019.02.15-20.26.21:572][569]Cmd: OBJ SAVEPACKAGE PACKAGE="/Game/ThirdPersonBP/Maps/ThirdPersonExampleMap_BuiltData" FILE="../../../../../129/TPOSE 4.21/Content/ThirdPersonBP/Maps/ThirdPersonExampleMap_BuiltData.uasset" SILENT=true
[2019.02.15-20.26.21:736][569]LogSavePackage: Moving '../../../../../129/TPOSE 4.21/Saved/ThirdPersonExampleMap_BuiltData27FF52E74A125ED9968799A656520F4B.tmp' to '../../../../../129/TPOSE 4.21/Content/ThirdPersonBP/Maps/ThirdPersonExampleMap_BuiltData.uasset'
